Using pre-set license
Built from '2020.3/staging' branch; Version is '2020.3.3f1 (76626098c1c4) revision 7758432'; Using compiler version '192528614'; Build Type 'Release'
OS: 'Windows 10 Pro; OS build 18363.1256; Version 1909; 64bit' Language: 'en' Physical Memory: 16333 MB
BatchMode: 1, IsHumanControllingUs: 0, StartBugReporterOnCrash: 0, Is64bit: 1, IsPro: 0

 COMMAND LINE ARGUMENTS:
D:\2020.3.3f1\Editor\Unity.exe
-adb2
-batchMode
-noUpm
-name
AssetImportWorker0
-projectPath
C:/Users/Jawad Usman/Documents/GitHub/Matching
-logFile
Logs/AssetImportWorker0.log
-srvPort
60241
Successfully changed project path to: C:/Users/Jawad Usman/Documents/GitHub/Matching
C:/Users/Jawad Usman/Documents/GitHub/Matching
Using Asset Import Pipeline V2.
Refreshing native plugins compatible for Editor in 36.68 ms, found 1 plugins.
Preloading 0 native plugins for Editor in 0.00 ms.
Initialize engine version: 2020.3.3f1 (76626098c1c4)
[Subsystems] Discovering subsystems at path D:/2020.3.3f1/Editor/Data/Resources/UnitySubsystems
[Subsystems] Discovering subsystems at path C:/Users/Jawad Usman/Documents/GitHub/Matching/Assets
GfxDevice: creating device client; threaded=0
Direct3D:
    Version:  Direct3D 11.0 [level 11.1]
    Renderer: NVIDIA GeForce RTX 2060 (ID=0x1e89)
    Vendor:   
    VRAM:     5968 MB
    Driver:   30.0.14.9649
Initialize mono
Mono path[0] = 'D:/2020.3.3f1/Editor/Data/Managed'
Mono path[1] = 'D:/2020.3.3f1/Editor/Data/MonoBleedingEdge/lib/mono/unityjit'
Mono config path = 'D:/2020.3.3f1/Editor/Data/MonoBleedingEdge/etc'
Using monoOptions --debugger-agent=transport=dt_socket,embedding=1,server=y,suspend=n,address=127.0.0.1:56248
Begin MonoManager ReloadAssembly
Registering precompiled unity dll's ...
Register platform support module: D:/2020.3.3f1/Editor/Data/PlaybackEngines/WebGLSupport/UnityEditor.WebGL.Extensions.dll
Register platform support module: D:/2020.3.3f1/Editor/Data/PlaybackEngines/WindowsStandaloneSupport/UnityEditor.WindowsStandalone.Extensions.dll
Registered in 0.001288 seconds.
Native extension for WindowsStandalone target not found
Native extension for WebGL target not found
Refreshing native plugins compatible for Editor in 37.76 ms, found 1 plugins.
Preloading 0 native plugins for Editor in 0.00 ms.
Invoked RoslynAnalysisRunner static constructor.
RoslynAnalysisRunner will not be running.
RoslynAnalysisRunner has terminated.
Mono: successfully reloaded assembly
- Completed reload, in  1.183 seconds
Platform modules already initialized, skipping
Registering precompiled user dll's ...
Registered in 0.000921 seconds.
Begin MonoManager ReloadAssembly
Native extension for WindowsStandalone target not found
Native extension for WebGL target not found
Refreshing native plugins compatible for Editor in 37.29 ms, found 1 plugins.
Preloading 0 native plugins for Editor in 0.00 ms.
Invoked RoslynAnalysisRunner static constructor.
RoslynAnalysisRunner will not be running.
RoslynAnalysisRunner has terminated.
Mono: successfully reloaded assembly
- Completed reload, in  0.890 seconds
Platform modules already initialized, skipping
========================================================================
Worker process is ready to serve import requests
Launched and connected shader compiler UnityShaderCompiler.exe after 0.05 seconds
Refreshing native plugins compatible for Editor in 0.87 ms, found 1 plugins.
Preloading 0 native plugins for Editor in 0.00 ms.
Unloading 1808 Unused Serialized files (Serialized files now loaded: 0)
System memory in use before: 84.8 MB.
System memory in use after: 84.8 MB.

Unloading 24 unused Assets to reduce memory usage. Loaded Objects now: 2250.
Total: 2.385500 ms (FindLiveObjects: 0.243400 ms CreateObjectMapping: 0.049600 ms MarkObjects: 1.935500 ms  DeleteObjects: 0.155900 ms)

========================================================================
Received Import Request.
  path: Assets/Scenes
  artifactKey: Guid(398fed3eaa58fe74fb78ff7faea4bdf6) Importer(815301076,1909f56bfc062723c751e8b465ee728b)
Start importing Assets/Scenes using Guid(398fed3eaa58fe74fb78ff7faea4bdf6) Importer(815301076,1909f56bfc062723c751e8b465ee728b)  -> (artifact id: 'd0241ce2931218a354de42fe1440b2fb') in 0.023015 seconds
  Import took 0.026533 seconds .

========================================================================
Received Import Request.
  Time since last request: 5.345505 seconds.
  path: Assets/Scenes/Scrpts
  artifactKey: Guid(f45381d810ca68148822932aee06213b) Importer(815301076,1909f56bfc062723c751e8b465ee728b)
Start importing Assets/Scenes/Scrpts using Guid(f45381d810ca68148822932aee06213b) Importer(815301076,1909f56bfc062723c751e8b465ee728b)  -> (artifact id: '8002487b1a39aa13e975ef0a22e3aee2') in 0.002544 seconds
  Import took 0.006024 seconds .

========================================================================
Received Import Request.
  Time since last request: 21.858224 seconds.
  path: Assets/Prefabs
  artifactKey: Guid(010b1053ea41dc643aa1e09fbe4505a0) Importer(815301076,1909f56bfc062723c751e8b465ee728b)
Start importing Assets/Prefabs using Guid(010b1053ea41dc643aa1e09fbe4505a0) Importer(815301076,1909f56bfc062723c751e8b465ee728b)  -> (artifact id: '650a1e4e46730a1d6e5d9590856f8792') in 0.002840 seconds
  Import took 0.006289 seconds .

========================================================================
Received Import Request.
  Time since last request: 13.881017 seconds.
  path: Assets/Art
  artifactKey: Guid(c4cbdb71bc484dd429a6d772ac9baab6) Importer(815301076,1909f56bfc062723c751e8b465ee728b)
Start importing Assets/Art using Guid(c4cbdb71bc484dd429a6d772ac9baab6) Importer(815301076,1909f56bfc062723c751e8b465ee728b)  -> (artifact id: 'b4b00afc25d0315c0b71be7c81ed051a') in 0.002919 seconds
  Import took 0.006643 seconds .

========================================================================
Received Import Request.
  Time since last request: 1071.269551 seconds.
  path: Assets/Scripts
  artifactKey: Guid(f45381d810ca68148822932aee06213b) Importer(815301076,1909f56bfc062723c751e8b465ee728b)
Start importing Assets/Scripts using Guid(f45381d810ca68148822932aee06213b) Importer(815301076,1909f56bfc062723c751e8b465ee728b)  -> (artifact id: 'e9fdaff5eb53290cfd4600c34f77d772') in 0.003128 seconds
  Import took 0.006644 seconds .

========================================================================
Received Prepare
Registering precompiled user dll's ...
Registered in 0.001385 seconds.
Begin MonoManager ReloadAssembly
Native extension for WindowsStandalone target not found
Native extension for WebGL target not found
Refreshing native plugins compatible for Editor in 0.53 ms, found 1 plugins.
Preloading 0 native plugins for Editor in 0.00 ms.
Invoked RoslynAnalysisRunner static constructor.
RoslynAnalysisRunner will not be running.
RoslynAnalysisRunner has terminated.
Mono: successfully reloaded assembly
- Completed reload, in  0.975 seconds
Platform modules already initialized, skipping
Refreshing native plugins compatible for Editor in 0.56 ms, found 1 plugins.
Preloading 0 native plugins for Editor in 0.00 ms.
Unloading 2100 Unused Serialized files (Serialized files now loaded: 0)
System memory in use before: 113.9 MB.
System memory in use after: 105.0 MB.

Unloading 166 unused Assets to reduce memory usage. Loaded Objects now: 2397.
Total: 6.850700 ms (FindLiveObjects: 0.299800 ms CreateObjectMapping: 0.056400 ms MarkObjects: 2.197800 ms  DeleteObjects: 4.295100 ms)

========================================================================
Received Prepare
Registering precompiled user dll's ...
Registered in 0.004757 seconds.
Begin MonoManager ReloadAssembly
Native extension for WindowsStandalone target not found
Native extension for WebGL target not found
Refreshing native plugins compatible for Editor in 0.69 ms, found 2 plugins.
Preloading 0 native plugins for Editor in 0.00 ms.
Invoked RoslynAnalysisRunner static constructor.
RoslynAnalysisRunner will not be running.
RoslynAnalysisRunner has terminated.
Mono: successfully reloaded assembly
- Completed reload, in  0.868 seconds
Platform modules already initialized, skipping
Refreshing native plugins compatible for Editor in 0.66 ms, found 2 plugins.
Preloading 0 native plugins for Editor in 0.00 ms.
Unloading 2153 Unused Serialized files (Serialized files now loaded: 0)
System memory in use before: 116.2 MB.
System memory in use after: 107.3 MB.

Unloading 176 unused Assets to reduce memory usage. Loaded Objects now: 2504.
Total: 6.762900 ms (FindLiveObjects: 0.336800 ms CreateObjectMapping: 0.061800 ms MarkObjects: 1.883800 ms  DeleteObjects: 4.479100 ms)

========================================================================
Received Prepare
Registering precompiled user dll's ...
Registered in 0.004448 seconds.
Begin MonoManager ReloadAssembly
Native extension for WindowsStandalone target not found
Native extension for WebGL target not found
Refreshing native plugins compatible for Editor in 0.64 ms, found 2 plugins.
Preloading 0 native plugins for Editor in 0.00 ms.
Invoked RoslynAnalysisRunner static constructor.
RoslynAnalysisRunner will not be running.
RoslynAnalysisRunner has terminated.
Mono: successfully reloaded assembly
- Completed reload, in  0.854 seconds
Platform modules already initialized, skipping
Refreshing native plugins compatible for Editor in 0.61 ms, found 2 plugins.
Preloading 0 native plugins for Editor in 0.00 ms.
Unloading 2153 Unused Serialized files (Serialized files now loaded: 0)
System memory in use before: 116.3 MB.
System memory in use after: 107.4 MB.

Unloading 176 unused Assets to reduce memory usage. Loaded Objects now: 2508.
Total: 6.583300 ms (FindLiveObjects: 0.269500 ms CreateObjectMapping: 0.062200 ms MarkObjects: 1.862700 ms  DeleteObjects: 4.387500 ms)

AssetImportWorkerClient::OnTransportError - code=2 error=End of file
